<?xml version="1.0" encoding="UTF-8"?>
<!-- Generated by org.testng.reporters.JUnitReportReporter -->
<testsuite hostname="MDTR11" name="Calculator_Parallel.CalcParallelExc02" tests="2" failures="0" timestamp="30 Jun 2020 16:12:15 GMT" time="0.005" errors="0">
  <testcase name="test1" time="0.002" classname="Calculator_Parallel.CalcParallelExc02"/>
  <testcase name="test2" time="0.003" classname="Calculator_Parallel.CalcParallelExc02"/>
</testsuite> <!-- Calculator_Parallel.CalcParallelExc02 -->
