<?xml version="1.0" encoding="UTF-8"?>
<!-- Generated by org.testng.reporters.JUnitReportReporter -->
<testsuite hostname="MDTR11" name="caloperations.parallel_tests.CalcParallelExc01" tests="2" failures="0" timestamp="2 Jul 2020 09:55:36 GMT" time="0.082" errors="0">
  <testcase name="test1" time="0.041" classname="caloperations.parallel_tests.CalcParallelExc01"/>
  <testcase name="test2" time="0.041" classname="caloperations.parallel_tests.CalcParallelExc01"/>
</testsuite> <!-- caloperations.parallel_tests.CalcParallelExc01 -->
