<?xml version="1.0" encoding="UTF-8"?>
<!-- Generated by org.testng.reporters.JUnitReportReporter -->
<testsuite hostname="MDTR11" name="Calculator_Parameters.CalcParameters" tests="1" failures="0" timestamp="23 Jun 2020 11:39:40 GMT" time="0.000" errors="0">
  <testcase name="IntTestParameter" time="0.000" classname="Calculator_Parameters.CalcParameters"/>
</testsuite> <!-- Calculator_Parameters.CalcParameters -->
