<?xml version="1.0" encoding="UTF-8"?>
<!-- Generated by org.testng.reporters.JUnitReportReporter -->
<testsuite hostname="MDTR11" name="Calculator_Groups.CalcGroups" tests="4" failures="0" timestamp="29 Jun 2020 15:43:08 GMT" time="0.024" errors="0">
  <testcase name="GroupAddFloat" time="0.010" classname="Calculator_Groups.CalcGroups"/>
  <testcase name="GroupSubInt" time="0.004" classname="Calculator_Groups.CalcGroups"/>
  <testcase name="GroupAddInt" time="0.000" classname="Calculator_Groups.CalcGroups"/>
  <testcase name="GroupSubFloat" time="0.010" classname="Calculator_Groups.CalcGroups"/>
</testsuite> <!-- Calculator_Groups.CalcGroups -->
