<?xml version="1.0" encoding="UTF-8"?>
<!-- Generated by org.testng.reporters.JUnitReportReporter -->
<testsuite hostname="MDTR11" name="Calculator_Parallel.CalcParallelExc" tests="1" failures="0" timestamp="23 Jun 2020 07:10:20 GMT" time="0.007" errors="0">
  <testcase name="testMethod1" time="0.007" classname="Calculator_Parallel.CalcParallelExc"/>
</testsuite> <!-- Calculator_Parallel.CalcParallelExc -->
