<?xml version="1.0" encoding="UTF-8"?>
<!-- Generated by org.testng.reporters.JUnitReportReporter -->
<testsuite hostname="MDTR11" name="caloperations.data_providers.CalcDataProviders" tests="8" failures="0" timestamp="2 Jul 2020 09:56:25 GMT" time="0.049" errors="0">
  <testcase name="dataProvider1" time="0.010" classname="caloperations.data_providers.CalcDataProviders"/>
  <testcase name="dataProvider2" time="0.002" classname="caloperations.data_providers.CalcDataProviders"/>
  <testcase name="dataProvider2" time="0.015" classname="caloperations.data_providers.CalcDataProviders"/>
  <testcase name="dataProvider1" time="0.000" classname="caloperations.data_providers.CalcDataProviders"/>
  <testcase name="dataProvider1" time="0.000" classname="caloperations.data_providers.CalcDataProviders"/>
  <testcase name="dataProvider2" time="0.001" classname="caloperations.data_providers.CalcDataProviders"/>
  <testcase name="dataProvider1" time="0.010" classname="caloperations.data_providers.CalcDataProviders"/>
  <testcase name="dataProvider2" time="0.011" classname="caloperations.data_providers.CalcDataProviders"/>
</testsuite> <!-- caloperations.data_providers.CalcDataProviders -->
