<?xml version="1.0" encoding="UTF-8"?>
<!-- Generated by org.testng.reporters.JUnitReportReporter -->
<testsuite hostname="MDTR11" name="Calculator_01.CalculatorTestClass" tests="2" failures="0" timestamp="22 Jun 2020 15:19:41 GMT" time="0.025" errors="0">
  <testcase name="test" time="0.001" classname="Calculator_01.CalculatorTestClass"/>
  <testcase name="TestAssert" time="0.024" classname="Calculator_01.CalculatorTestClass"/>
</testsuite> <!-- Calculator_01.CalculatorTestClass -->
