<?xml version="1.0" encoding="UTF-8"?>
<!-- Generated by org.testng.reporters.JUnitReportReporter -->
<testsuite hostname="MDTR11" name="caloperations.groups.CalcGroups" tests="2" failures="0" timestamp="2 Jul 2020 09:56:39 GMT" time="0.010" errors="0">
  <testcase name="GroupAddInt" time="0.010" classname="caloperations.groups.CalcGroups"/>
  <testcase name="GroupSubInt" time="0.000" classname="caloperations.groups.CalcGroups"/>
</testsuite> <!-- caloperations.groups.CalcGroups -->
