<?xml version="1.0" encoding="UTF-8"?>
<!-- Generated by org.testng.reporters.JUnitReportReporter -->
<testsuite hostname="MDTR11" name="Calculator_Parallel.CalcParallelExc01" tests="2" failures="0" timestamp="30 Jun 2020 16:12:15 GMT" time="0.042" errors="0">
  <testcase name="test1" time="0.021" classname="Calculator_Parallel.CalcParallelExc01"/>
  <testcase name="test2" time="0.021" classname="Calculator_Parallel.CalcParallelExc01"/>
</testsuite> <!-- Calculator_Parallel.CalcParallelExc01 -->
