<?xml version="1.0" encoding="UTF-8"?>
<!-- Generated by org.testng.reporters.JUnitReportReporter -->
<testsuite hostname="MDTR11" name="Calculator_DataProviders.CalcDataProviders" tests="8" failures="0" timestamp="29 Jun 2020 15:49:58 GMT" time="0.033" errors="0">
  <testcase name="testMethod2" time="0.010" classname="Calculator_DataProviders.CalcDataProviders"/>
  <testcase name="testMethod2" time="0.000" classname="Calculator_DataProviders.CalcDataProviders"/>
  <testcase name="testMethod1" time="0.008" classname="Calculator_DataProviders.CalcDataProviders"/>
  <testcase name="testMethod1" time="0.000" classname="Calculator_DataProviders.CalcDataProviders"/>
  <testcase name="testMethod2" time="0.000" classname="Calculator_DataProviders.CalcDataProviders"/>
  <testcase name="testMethod1" time="0.013" classname="Calculator_DataProviders.CalcDataProviders"/>
  <testcase name="testMethod1" time="0.002" classname="Calculator_DataProviders.CalcDataProviders"/>
  <testcase name="testMethod2" time="0.000" classname="Calculator_DataProviders.CalcDataProviders"/>
</testsuite> <!-- Calculator_DataProviders.CalcDataProviders -->
