<?xml version="1.0" encoding="UTF-8"?>
<!-- Generated by org.testng.reporters.JUnitReportReporter -->
<testsuite hostname="MDTR11" name="caloperations.asserts.CalcAssert" tests="1" failures="0" timestamp="2 Jul 2020 09:56:16 GMT" time="0.010" errors="0">
  <testcase name="TestAssert" time="0.010" classname="caloperations.asserts.CalcAssert"/>
</testsuite> <!-- caloperations.asserts.CalcAssert -->
